Start testing: Aug 28 17:58 +0330
----------------------------------------------------------
Unable to find executable: C:/Users/ARM/Desktop/Q1ORM/build/bin/Debug/UnitTestExample.exe
1/1 Testing: Q1ORM_UnitTests
1/1 Test: Q1ORM_UnitTests
Command: ""
Directory: /mnt/c/Users/ARM/Desktop/Q1ORM/build/Examples/UnitTestExample
"Q1ORM_UnitTests" start time: 
Output:
----------------------------------------------------------
<end of output>
Test time =   0.00 sec
----------------------------------------------------------
Test Passed.
"Q1ORM_UnitTests" end time: Aug 28 17:58 +0330
"Q1ORM_UnitTests" time elapsed: 00:00:00
----------------------------------------------------------

End testing: Aug 28 17:58 +0330
