Start testing: Aug 21 00:22 Iran Standard Time
----------------------------------------------------------
1/1 Testing: Q1ORM_UnitTests
1/1 Test: Q1ORM_UnitTests
Command: "C:/Users/ARM/Desktop/Q1ORM/build/final_scan/bin/Debug/UnitTestExample.exe"
Directory: C:/Users/ARM/Desktop/Q1ORM/build/final_scan/Examples/UnitTestExample
"Q1ORM_UnitTests" start time: Aug 21 00:22 Iran Standard Time
Output:
----------------------------------------------------------
<end of output>
Test time =   0.17 sec
----------------------------------------------------------
Test Passed.
"Q1ORM_UnitTests" end time: Aug 21 00:22 Iran Standard Time
"Q1ORM_UnitTests" time elapsed: 00:00:00
----------------------------------------------------------

End testing: Aug 21 00:22 Iran Standard Time
